{"C:\\Users\\jonaa\\Desktop\\DRIVEN_T9\\Modulo_5\\projeto-drivenpass\\src\\app.ts": {"path":"C:\\Users\\jonaa\\Desktop\\DRIVEN_T9\\Modulo_5\\projeto-drivenpass\\src\\app.ts","statementMap":{"0":{"start":{"line":1,"column":0},"end":{"line":1,"column":24}},"1":{"start":{"line":2,"column":0},"end":{"line":2,"column":43}},"2":{"start":{"line":4,"column":0},"end":{"line":4,"column":60}},"3":{"start":{"line":6,"column":0},"end":{"line":6,"column":10}},"4":{"start":{"line":8,"column":0},"end":{"line":8,"column":56}},"5":{"start":{"line":9,"column":0},"end":{"line":9,"column":null}},"6":{"start":{"line":16,"column":12},"end":{"line":16,"column":21}},"7":{"start":{"line":18,"column":0},"end":{"line":18,"column":16}},"8":{"start":{"line":19,"column":0},"end":{"line":24,"column":32}},"9":{"start":{"line":29,"column":4},"end":{"line":29,"column":16}},"10":{"start":{"line":30,"column":4},"end":{"line":30,"column":32}},"11":{"start":{"line":28,"column":0},"end":{"line":28,"column":16}},"12":{"start":{"line":34,"column":4},"end":{"line":34,"column":25}},"13":{"start":{"line":33,"column":2},"end":{"line":33,"column":9}},"14":{"start":{"line":38,"column":2},"end":{"line":38,"column":21}}},"fnMap":{"0":{"name":"init","decl":{"start":{"line":28,"column":16},"end":{"line":28,"column":20}},"loc":{"start":{"line":28,"column":20},"end":{"line":31,"column":3}}},"1":{"name":"close","decl":{"start":{"line":33,"column":24},"end":{"line":33,"column":29}},"loc":{"start":{"line":33,"column":29},"end":{"line":35,"column":3}}}},"branchMap":{},"s":{"0":3,"1":3,"2":3,"3":3,"4":3,"5":3,"6":3,"7":3,"8":3,"9":3,"10":3,"11":3,"12":0,"13":3,"14":3},"f":{"0":3,"1":0},"b":{}}
,"C:\\Users\\jonaa\\Desktop\\DRIVEN_T9\\Modulo_5\\projeto-drivenpass\\src\\config\\database.ts": {"path":"C:\\Users\\jonaa\\Desktop\\DRIVEN_T9\\Modulo_5\\projeto-drivenpass\\src\\config\\database.ts","statementMap":{"0":{"start":{"line":1,"column":0},"end":{"line":1,"column":46}},"1":{"start":{"line":5,"column":2},"end":{"line":5,"column":30}},"2":{"start":{"line":4,"column":0},"end":{"line":4,"column":16}},"3":{"start":{"line":9,"column":2},"end":{"line":9,"column":30}},"4":{"start":{"line":8,"column":0},"end":{"line":8,"column":7}}},"fnMap":{"0":{"name":"connectDb","decl":{"start":{"line":4,"column":16},"end":{"line":4,"column":25}},"loc":{"start":{"line":4,"column":25},"end":{"line":6,"column":1}}},"1":{"name":"disconnectDB","decl":{"start":{"line":8,"column":22},"end":{"line":8,"column":34}},"loc":{"start":{"line":8,"column":34},"end":{"line":10,"column":1}}}},"branchMap":{},"s":{"0":4,"1":3,"2":4,"3":0,"4":4},"f":{"0":3,"1":0},"b":{}}
,"C:\\Users\\jonaa\\Desktop\\DRIVEN_T9\\Modulo_5\\projeto-drivenpass\\src\\config\\envs.ts": {"path":"C:\\Users\\jonaa\\Desktop\\DRIVEN_T9\\Modulo_5\\projeto-drivenpass\\src\\config\\envs.ts","statementMap":{"0":{"start":{"line":1,"column":0},"end":{"line":1,"column":28}},"1":{"start":{"line":2,"column":0},"end":{"line":2,"column":41}},"2":{"start":{"line":6,"column":4},"end":{"line":10,"column":14}},"3":{"start":{"line":12,"column":22},"end":{"line":12,"column":45}},"4":{"start":{"line":13,"column":2},"end":{"line":13,"column":35}},"5":{"start":{"line":4,"column":0},"end":{"line":4,"column":16}}},"fnMap":{"0":{"name":"loadEnv","decl":{"start":{"line":4,"column":16},"end":{"line":4,"column":23}},"loc":{"start":{"line":4,"column":23},"end":{"line":14,"column":1}}}},"branchMap":{"0":{"loc":{"start":{"line":6,"column":4},"end":{"line":10,"column":14}},"type":"cond-expr","locations":[{"start":{"line":7,"column":8},"end":{"line":7,"column":19}},{"start":{"line":8,"column":8},"end":{"line":10,"column":14}}]},"1":{"loc":{"start":{"line":8,"column":8},"end":{"line":10,"column":14}},"type":"cond-expr","locations":[{"start":{"line":9,"column":8},"end":{"line":9,"column":26}},{"start":{"line":10,"column":8},"end":{"line":10,"column":14}}]}},"s":{"0":4,"1":4,"2":7,"3":7,"4":7,"5":4},"f":{"0":7},"b":{"0":[7,0],"1":[0,0]}}
,"C:\\Users\\jonaa\\Desktop\\DRIVEN_T9\\Modulo_5\\projeto-drivenpass\\src\\config\\index.ts": {"path":"C:\\Users\\jonaa\\Desktop\\DRIVEN_T9\\Modulo_5\\projeto-drivenpass\\src\\config\\index.ts","statementMap":{"0":{"start":{"line":1,"column":0},"end":{"line":1,"column":23}},"1":{"start":{"line":2,"column":0},"end":{"line":2,"column":27}}},"fnMap":{},"branchMap":{},"s":{"0":4,"1":4},"f":{},"b":{}}
,"C:\\Users\\jonaa\\Desktop\\DRIVEN_T9\\Modulo_5\\projeto-drivenpass\\src\\controllers\\authentication-controller.ts": {"path":"C:\\Users\\jonaa\\Desktop\\DRIVEN_T9\\Modulo_5\\projeto-drivenpass\\src\\controllers\\authentication-controller.ts","statementMap":{"0":{"start":{"line":2,"column":0},"end":{"line":2,"column":37}},"1":{"start":{"line":3,"column":0},"end":{"line":3,"column":88}},"2":{"start":{"line":6,"column":30},"end":{"line":6,"column":54}},"3":{"start":{"line":8,"column":2},"end":{"line":14,"column":null}},"4":{"start":{"line":9,"column":19},"end":{"line":9,"column":74}},"5":{"start":{"line":11,"column":4},"end":{"line":11,"column":50}},"6":{"start":{"line":13,"column":6},"end":{"line":13,"column":null}},"7":{"start":{"line":5,"column":0},"end":{"line":5,"column":7}}},"fnMap":{"0":{"name":"singInPost","decl":{"start":{"line":5,"column":22},"end":{"line":5,"column":32}},"loc":{"start":{"line":5,"column":80},"end":{"line":15,"column":1}}}},"branchMap":{},"s":{"0":3,"1":3,"2":5,"3":5,"4":5,"5":1,"6":4,"7":3},"f":{"0":5},"b":{}}
,"C:\\Users\\jonaa\\Desktop\\DRIVEN_T9\\Modulo_5\\projeto-drivenpass\\src\\controllers\\credentials-controller.ts": {"path":"C:\\Users\\jonaa\\Desktop\\DRIVEN_T9\\Modulo_5\\projeto-drivenpass\\src\\controllers\\credentials-controller.ts","statementMap":{"0":{"start":{"line":3,"column":0},"end":{"line":3,"column":37}},"1":{"start":{"line":4,"column":0},"end":{"line":4,"column":63}},"2":{"start":{"line":7,"column":44},"end":{"line":7,"column":52}},"3":{"start":{"line":8,"column":21},"end":{"line":8,"column":24}},"4":{"start":{"line":10,"column":2},"end":{"line":17,"column":null}},"5":{"start":{"line":11,"column":23},"end":{"line":11,"column":106}},"6":{"start":{"line":12,"column":4},"end":{"line":14,"column":7}},"7":{"start":{"line":16,"column":6},"end":{"line":16,"column":14}},"8":{"start":{"line":6,"column":0},"end":{"line":6,"column":7}},"9":{"start":{"line":21,"column":21},"end":{"line":21,"column":24}},"10":{"start":{"line":22,"column":2},"end":{"line":29,"column":null}},"11":{"start":{"line":23,"column":33},"end":{"line":23,"column":83}},"12":{"start":{"line":24,"column":4},"end":{"line":26,"column":6}},"13":{"start":{"line":28,"column":6},"end":{"line":28,"column":14}},"14":{"start":{"line":20,"column":0},"end":{"line":20,"column":7}},"15":{"start":{"line":34,"column":2},"end":{"line":46,"column":null}},"16":{"start":{"line":35,"column":23},"end":{"line":35,"column":26}},"17":{"start":{"line":36,"column":26},"end":{"line":36,"column":57}},"18":{"start":{"line":38,"column":4},"end":{"line":38,"column":null}},"19":{"start":{"line":38,"column":22},"end":{"line":38,"column":null}},"20":{"start":{"line":40,"column":33},"end":{"line":40,"column":99}},"21":{"start":{"line":41,"column":4},"end":{"line":43,"column":6}},"22":{"start":{"line":45,"column":6},"end":{"line":45,"column":14}},"23":{"start":{"line":33,"column":0},"end":{"line":33,"column":7}},"24":{"start":{"line":50,"column":2},"end":{"line":60,"column":null}},"25":{"start":{"line":51,"column":23},"end":{"line":51,"column":26}},"26":{"start":{"line":52,"column":26},"end":{"line":52,"column":57}},"27":{"start":{"line":54,"column":33},"end":{"line":54,"column":99}},"28":{"start":{"line":55,"column":4},"end":{"line":57,"column":6}},"29":{"start":{"line":59,"column":6},"end":{"line":59,"column":14}},"30":{"start":{"line":49,"column":0},"end":{"line":49,"column":7}}},"fnMap":{"0":{"name":"credentialPost","decl":{"start":{"line":6,"column":22},"end":{"line":6,"column":36}},"loc":{"start":{"line":6,"column":97},"end":{"line":18,"column":1}}},"1":{"name":"credentialGetAll","decl":{"start":{"line":20,"column":22},"end":{"line":20,"column":38}},"loc":{"start":{"line":20,"column":99},"end":{"line":30,"column":1}}},"2":{"name":"credentialGetById","decl":{"start":{"line":33,"column":22},"end":{"line":33,"column":39}},"loc":{"start":{"line":33,"column":100},"end":{"line":47,"column":1}}},"3":{"name":"deleteCredentialById","decl":{"start":{"line":49,"column":22},"end":{"line":49,"column":42}},"loc":{"start":{"line":49,"column":103},"end":{"line":61,"column":1}}}},"branchMap":{"0":{"loc":{"start":{"line":38,"column":4},"end":{"line":38,"column":null}},"type":"if","locations":[{"start":{"line":38,"column":4},"end":{"line":38,"column":null}}]}},"s":{"0":3,"1":3,"2":2,"3":2,"4":2,"5":2,"6":1,"7":1,"8":3,"9":2,"10":2,"11":2,"12":1,"13":1,"14":3,"15":3,"16":3,"17":3,"18":3,"19":0,"20":3,"21":1,"22":2,"23":3,"24":2,"25":2,"26":2,"27":2,"28":2,"29":0,"30":3},"f":{"0":2,"1":2,"2":3,"3":2},"b":{"0":[0]}}
,"C:\\Users\\jonaa\\Desktop\\DRIVEN_T9\\Modulo_5\\projeto-drivenpass\\src\\controllers\\index.ts": {"path":"C:\\Users\\jonaa\\Desktop\\DRIVEN_T9\\Modulo_5\\projeto-drivenpass\\src\\controllers\\index.ts","statementMap":{"0":{"start":{"line":1,"column":0},"end":{"line":1,"column":35}},"1":{"start":{"line":2,"column":0},"end":{"line":2,"column":44}},"2":{"start":{"line":3,"column":0},"end":{"line":3,"column":41}}},"fnMap":{},"branchMap":{},"s":{"0":3,"1":3,"2":3},"f":{},"b":{}}
,"C:\\Users\\jonaa\\Desktop\\DRIVEN_T9\\Modulo_5\\projeto-drivenpass\\src\\controllers\\users-controller.ts": {"path":"C:\\Users\\jonaa\\Desktop\\DRIVEN_T9\\Modulo_5\\projeto-drivenpass\\src\\controllers\\users-controller.ts","statementMap":{"0":{"start":{"line":2,"column":0},"end":{"line":2,"column":37}},"1":{"start":{"line":3,"column":0},"end":{"line":3,"column":51}},"2":{"start":{"line":6,"column":30},"end":{"line":6,"column":38}},"3":{"start":{"line":8,"column":2},"end":{"line":16,"column":null}},"4":{"start":{"line":9,"column":17},"end":{"line":9,"column":66}},"5":{"start":{"line":10,"column":4},"end":{"line":13,"column":7}},"6":{"start":{"line":15,"column":6},"end":{"line":15,"column":14}},"7":{"start":{"line":5,"column":0},"end":{"line":5,"column":7}}},"fnMap":{"0":{"name":"usersPost","decl":{"start":{"line":5,"column":22},"end":{"line":5,"column":31}},"loc":{"start":{"line":5,"column":79},"end":{"line":17,"column":1}}}},"branchMap":{},"s":{"0":3,"1":3,"2":4,"3":4,"4":4,"5":4,"6":0,"7":3},"f":{"0":4},"b":{}}
,"C:\\Users\\jonaa\\Desktop\\DRIVEN_T9\\Modulo_5\\projeto-drivenpass\\src\\errors\\cannot-enroll-before-start-date-error.ts": {"path":"C:\\Users\\jonaa\\Desktop\\DRIVEN_T9\\Modulo_5\\projeto-drivenpass\\src\\errors\\cannot-enroll-before-start-date-error.ts","statementMap":{"0":{"start":{"line":4,"column":2},"end":{"line":7,"column":4}},"1":{"start":{"line":3,"column":0},"end":{"line":3,"column":16}}},"fnMap":{"0":{"name":"cannotEnrollBeforeStartDateError","decl":{"start":{"line":3,"column":16},"end":{"line":3,"column":48}},"loc":{"start":{"line":3,"column":48},"end":{"line":8,"column":1}}}},"branchMap":{},"s":{"0":0,"1":3},"f":{"0":0},"b":{}}
,"C:\\Users\\jonaa\\Desktop\\DRIVEN_T9\\Modulo_5\\projeto-drivenpass\\src\\errors\\conflict-error.ts": {"path":"C:\\Users\\jonaa\\Desktop\\DRIVEN_T9\\Modulo_5\\projeto-drivenpass\\src\\errors\\conflict-error.ts","statementMap":{"0":{"start":{"line":4,"column":2},"end":{"line":7,"column":4}},"1":{"start":{"line":3,"column":0},"end":{"line":3,"column":16}}},"fnMap":{"0":{"name":"conflictError","decl":{"start":{"line":3,"column":16},"end":{"line":3,"column":29}},"loc":{"start":{"line":3,"column":45},"end":{"line":8,"column":1}}}},"branchMap":{},"s":{"0":0,"1":3},"f":{"0":0},"b":{}}
,"C:\\Users\\jonaa\\Desktop\\DRIVEN_T9\\Modulo_5\\projeto-drivenpass\\src\\errors\\index.ts": {"path":"C:\\Users\\jonaa\\Desktop\\DRIVEN_T9\\Modulo_5\\projeto-drivenpass\\src\\errors\\index.ts","statementMap":{"0":{"start":{"line":1,"column":0},"end":{"line":1,"column":56}},"1":{"start":{"line":2,"column":0},"end":{"line":2,"column":33}},"2":{"start":{"line":3,"column":0},"end":{"line":3,"column":37}},"3":{"start":{"line":4,"column":0},"end":{"line":4,"column":38}},"4":{"start":{"line":5,"column":0},"end":{"line":5,"column":34}},"5":{"start":{"line":6,"column":0},"end":{"line":6,"column":37}},"6":{"start":{"line":7,"column":0},"end":{"line":7,"column":32}},"7":{"start":{"line":8,"column":0},"end":{"line":8,"column":41}}},"fnMap":{},"branchMap":{},"s":{"0":3,"1":3,"2":3,"3":3,"4":3,"5":3,"6":3,"7":3},"f":{},"b":{}}
,"C:\\Users\\jonaa\\Desktop\\DRIVEN_T9\\Modulo_5\\projeto-drivenpass\\src\\errors\\invalid-data-error.ts": {"path":"C:\\Users\\jonaa\\Desktop\\DRIVEN_T9\\Modulo_5\\projeto-drivenpass\\src\\errors\\invalid-data-error.ts","statementMap":{"0":{"start":{"line":4,"column":2},"end":{"line":8,"column":4}},"1":{"start":{"line":3,"column":0},"end":{"line":3,"column":16}}},"fnMap":{"0":{"name":"invalidDataError","decl":{"start":{"line":3,"column":16},"end":{"line":3,"column":32}},"loc":{"start":{"line":3,"column":50},"end":{"line":9,"column":1}}}},"branchMap":{},"s":{"0":5,"1":3},"f":{"0":5},"b":{}}
,"C:\\Users\\jonaa\\Desktop\\DRIVEN_T9\\Modulo_5\\projeto-drivenpass\\src\\errors\\invalid-email-error.ts": {"path":"C:\\Users\\jonaa\\Desktop\\DRIVEN_T9\\Modulo_5\\projeto-drivenpass\\src\\errors\\invalid-email-error.ts","statementMap":{"0":{"start":{"line":4,"column":2},"end":{"line":8,"column":4}},"1":{"start":{"line":3,"column":0},"end":{"line":3,"column":16}}},"fnMap":{"0":{"name":"invalidEmailError","decl":{"start":{"line":3,"column":16},"end":{"line":3,"column":33}},"loc":{"start":{"line":3,"column":47},"end":{"line":9,"column":1}}}},"branchMap":{},"s":{"0":0,"1":3},"f":{"0":0},"b":{}}
,"C:\\Users\\jonaa\\Desktop\\DRIVEN_T9\\Modulo_5\\projeto-drivenpass\\src\\errors\\not-found-error.ts": {"path":"C:\\Users\\jonaa\\Desktop\\DRIVEN_T9\\Modulo_5\\projeto-drivenpass\\src\\errors\\not-found-error.ts","statementMap":{"0":{"start":{"line":4,"column":2},"end":{"line":7,"column":4}},"1":{"start":{"line":3,"column":0},"end":{"line":3,"column":16}}},"fnMap":{"0":{"name":"notFoundError","decl":{"start":{"line":3,"column":16},"end":{"line":3,"column":29}},"loc":{"start":{"line":3,"column":29},"end":{"line":8,"column":1}}}},"branchMap":{},"s":{"0":3,"1":3},"f":{"0":3},"b":{}}
,"C:\\Users\\jonaa\\Desktop\\DRIVEN_T9\\Modulo_5\\projeto-drivenpass\\src\\errors\\payment-required-error.ts": {"path":"C:\\Users\\jonaa\\Desktop\\DRIVEN_T9\\Modulo_5\\projeto-drivenpass\\src\\errors\\payment-required-error.ts","statementMap":{"0":{"start":{"line":4,"column":2},"end":{"line":7,"column":4}},"1":{"start":{"line":3,"column":0},"end":{"line":3,"column":16}}},"fnMap":{"0":{"name":"cannotListHotelsError","decl":{"start":{"line":3,"column":16},"end":{"line":3,"column":37}},"loc":{"start":{"line":3,"column":37},"end":{"line":8,"column":1}}}},"branchMap":{},"s":{"0":0,"1":3},"f":{"0":0},"b":{}}
,"C:\\Users\\jonaa\\Desktop\\DRIVEN_T9\\Modulo_5\\projeto-drivenpass\\src\\errors\\request-error.ts": {"path":"C:\\Users\\jonaa\\Desktop\\DRIVEN_T9\\Modulo_5\\projeto-drivenpass\\src\\errors\\request-error.ts","statementMap":{"0":{"start":{"line":4,"column":2},"end":{"line":10,"column":4}},"1":{"start":{"line":3,"column":0},"end":{"line":3,"column":16}}},"fnMap":{"0":{"name":"requestError","decl":{"start":{"line":3,"column":16},"end":{"line":3,"column":28}},"loc":{"start":{"line":3,"column":63},"end":{"line":11,"column":1}}}},"branchMap":{},"s":{"0":0,"1":3},"f":{"0":0},"b":{}}
,"C:\\Users\\jonaa\\Desktop\\DRIVEN_T9\\Modulo_5\\projeto-drivenpass\\src\\errors\\unauthorized-error.ts": {"path":"C:\\Users\\jonaa\\Desktop\\DRIVEN_T9\\Modulo_5\\projeto-drivenpass\\src\\errors\\unauthorized-error.ts","statementMap":{"0":{"start":{"line":4,"column":2},"end":{"line":7,"column":4}},"1":{"start":{"line":3,"column":0},"end":{"line":3,"column":16}}},"fnMap":{"0":{"name":"unauthorizedError","decl":{"start":{"line":3,"column":16},"end":{"line":3,"column":33}},"loc":{"start":{"line":3,"column":33},"end":{"line":8,"column":1}}}},"branchMap":{},"s":{"0":12,"1":3},"f":{"0":12},"b":{}}
,"C:\\Users\\jonaa\\Desktop\\DRIVEN_T9\\Modulo_5\\projeto-drivenpass\\src\\middlewares\\authentication-middleware.ts": {"path":"C:\\Users\\jonaa\\Desktop\\DRIVEN_T9\\Modulo_5\\projeto-drivenpass\\src\\middlewares\\authentication-middleware.ts","statementMap":{"0":{"start":{"line":2,"column":0},"end":{"line":2,"column":37}},"1":{"start":{"line":3,"column":0},"end":{"line":3,"column":36}},"2":{"start":{"line":5,"column":0},"end":{"line":5,"column":45}},"3":{"start":{"line":6,"column":0},"end":{"line":6,"column":34}},"4":{"start":{"line":9,"column":21},"end":{"line":9,"column":48}},"5":{"start":{"line":10,"column":2},"end":{"line":10,"column":60}},"6":{"start":{"line":10,"column":19},"end":{"line":10,"column":60}},"7":{"start":{"line":12,"column":16},"end":{"line":12,"column":40}},"8":{"start":{"line":13,"column":2},"end":{"line":13,"column":55}},"9":{"start":{"line":13,"column":14},"end":{"line":13,"column":55}},"10":{"start":{"line":15,"column":2},"end":{"line":30,"column":null}},"11":{"start":{"line":16,"column":23},"end":{"line":16,"column":78}},"12":{"start":{"line":18,"column":20},"end":{"line":22,"column":6}},"13":{"start":{"line":23,"column":4},"end":{"line":23,"column":59}},"14":{"start":{"line":23,"column":18},"end":{"line":23,"column":59}},"15":{"start":{"line":25,"column":4},"end":{"line":25,"column":24}},"16":{"start":{"line":27,"column":4},"end":{"line":27,"column":18}},"17":{"start":{"line":29,"column":4},"end":{"line":29,"column":45}},"18":{"start":{"line":8,"column":0},"end":{"line":8,"column":7}},"19":{"start":{"line":34,"column":2},"end":{"line":34,"column":64}}},"fnMap":{"0":{"name":"authenticateToken","decl":{"start":{"line":8,"column":22},"end":{"line":8,"column":39}},"loc":{"start":{"line":8,"column":100},"end":{"line":31,"column":1}}},"1":{"name":"generateUnauthorizedResponse","decl":{"start":{"line":33,"column":9},"end":{"line":33,"column":37}},"loc":{"start":{"line":33,"column":51},"end":{"line":35,"column":1}}}},"branchMap":{"0":{"loc":{"start":{"line":10,"column":2},"end":{"line":10,"column":60}},"type":"if","locations":[{"start":{"line":10,"column":2},"end":{"line":10,"column":60}}]},"1":{"loc":{"start":{"line":13,"column":2},"end":{"line":13,"column":55}},"type":"if","locations":[{"start":{"line":13,"column":2},"end":{"line":13,"column":55}}]},"2":{"loc":{"start":{"line":23,"column":4},"end":{"line":23,"column":59}},"type":"if","locations":[{"start":{"line":23,"column":4},"end":{"line":23,"column":59}}]}},"s":{"0":3,"1":3,"2":3,"3":3,"4":22,"5":22,"6":4,"7":18,"8":18,"9":0,"10":18,"11":18,"12":14,"13":14,"14":4,"15":10,"16":10,"17":4,"18":3,"19":12},"f":{"0":22,"1":12},"b":{"0":[4],"1":[0],"2":[4]}}
,"C:\\Users\\jonaa\\Desktop\\DRIVEN_T9\\Modulo_5\\projeto-drivenpass\\src\\middlewares\\error-handling-middleware.ts": {"path":"C:\\Users\\jonaa\\Desktop\\DRIVEN_T9\\Modulo_5\\projeto-drivenpass\\src\\middlewares\\error-handling-middleware.ts","statementMap":{"0":{"start":{"line":2,"column":0},"end":{"line":2,"column":37}},"1":{"start":{"line":11,"column":2},"end":{"line":15,"column":null}},"2":{"start":{"line":12,"column":4},"end":{"line":14,"column":7}},"3":{"start":{"line":17,"column":2},"end":{"line":21,"column":null}},"4":{"start":{"line":18,"column":4},"end":{"line":20,"column":7}},"5":{"start":{"line":24,"column":2},"end":{"line":28,"column":null}},"6":{"start":{"line":25,"column":4},"end":{"line":27,"column":7}},"7":{"start":{"line":30,"column":2},"end":{"line":34,"column":null}},"8":{"start":{"line":31,"column":4},"end":{"line":33,"column":7}},"9":{"start":{"line":37,"column":2},"end":{"line":41,"column":null}},"10":{"start":{"line":38,"column":4},"end":{"line":40,"column":7}},"11":{"start":{"line":43,"column":2},"end":{"line":47,"column":null}},"12":{"start":{"line":44,"column":4},"end":{"line":46,"column":7}},"13":{"start":{"line":49,"column":2},"end":{"line":53,"column":null}},"14":{"start":{"line":50,"column":4},"end":{"line":52,"column":7}},"15":{"start":{"line":55,"column":2},"end":{"line":59,"column":null}},"16":{"start":{"line":56,"column":4},"end":{"line":58,"column":7}},"17":{"start":{"line":62,"column":2},"end":{"line":62,"column":26}},"18":{"start":{"line":63,"column":2},"end":{"line":66,"column":5}},"19":{"start":{"line":5,"column":0},"end":{"line":5,"column":16}}},"fnMap":{"0":{"name":"handleApplicationErrors","decl":{"start":{"line":5,"column":16},"end":{"line":5,"column":39}},"loc":{"start":{"line":9,"column":21},"end":{"line":67,"column":1}}}},"branchMap":{"0":{"loc":{"start":{"line":11,"column":2},"end":{"line":15,"column":null}},"type":"if","locations":[{"start":{"line":11,"column":2},"end":{"line":15,"column":null}}]},"1":{"loc":{"start":{"line":17,"column":2},"end":{"line":21,"column":null}},"type":"if","locations":[{"start":{"line":17,"column":2},"end":{"line":21,"column":null}}]},"2":{"loc":{"start":{"line":24,"column":2},"end":{"line":28,"column":null}},"type":"if","locations":[{"start":{"line":24,"column":2},"end":{"line":28,"column":null}}]},"3":{"loc":{"start":{"line":30,"column":2},"end":{"line":34,"column":null}},"type":"if","locations":[{"start":{"line":30,"column":2},"end":{"line":34,"column":null}}]},"4":{"loc":{"start":{"line":37,"column":2},"end":{"line":41,"column":null}},"type":"if","locations":[{"start":{"line":37,"column":2},"end":{"line":41,"column":null}}]},"5":{"loc":{"start":{"line":37,"column":6},"end":{"line":37,"column":73}},"type":"binary-expr","locations":[{"start":{"line":37,"column":6},"end":{"line":37,"column":34}},{"start":{"line":37,"column":38},"end":{"line":37,"column":73}}]},"6":{"loc":{"start":{"line":43,"column":2},"end":{"line":47,"column":null}},"type":"if","locations":[{"start":{"line":43,"column":2},"end":{"line":47,"column":null}}]},"7":{"loc":{"start":{"line":49,"column":2},"end":{"line":53,"column":null}},"type":"if","locations":[{"start":{"line":49,"column":2},"end":{"line":53,"column":null}}]},"8":{"loc":{"start":{"line":55,"column":2},"end":{"line":59,"column":null}},"type":"if","locations":[{"start":{"line":55,"column":2},"end":{"line":59,"column":null}}]}},"s":{"0":3,"1":8,"2":0,"3":8,"4":1,"5":7,"6":0,"7":7,"8":0,"9":7,"10":0,"11":7,"12":3,"13":4,"14":0,"15":4,"16":3,"17":1,"18":1,"19":3},"f":{"0":8},"b":{"0":[0],"1":[1],"2":[0],"3":[0],"4":[0],"5":[7,7],"6":[3],"7":[0],"8":[3]}}
,"C:\\Users\\jonaa\\Desktop\\DRIVEN_T9\\Modulo_5\\projeto-drivenpass\\src\\middlewares\\index.ts": {"path":"C:\\Users\\jonaa\\Desktop\\DRIVEN_T9\\Modulo_5\\projeto-drivenpass\\src\\middlewares\\index.ts","statementMap":{"0":{"start":{"line":1,"column":0},"end":{"line":1,"column":44}},"1":{"start":{"line":2,"column":0},"end":{"line":2,"column":40}},"2":{"start":{"line":3,"column":0},"end":{"line":3,"column":44}}},"fnMap":{},"branchMap":{},"s":{"0":3,"1":3,"2":3},"f":{},"b":{}}
,"C:\\Users\\jonaa\\Desktop\\DRIVEN_T9\\Modulo_5\\projeto-drivenpass\\src\\middlewares\\validation-middleware.ts": {"path":"C:\\Users\\jonaa\\Desktop\\DRIVEN_T9\\Modulo_5\\projeto-drivenpass\\src\\middlewares\\validation-middleware.ts","statementMap":{"0":{"start":{"line":2,"column":0},"end":{"line":2,"column":37}},"1":{"start":{"line":4,"column":0},"end":{"line":4,"column":44}},"2":{"start":{"line":7,"column":2},"end":{"line":7,"column":34}},"3":{"start":{"line":6,"column":0},"end":{"line":6,"column":16}},"4":{"start":{"line":11,"column":2},"end":{"line":11,"column":36}},"5":{"start":{"line":10,"column":0},"end":{"line":10,"column":16}},"6":{"start":{"line":15,"column":2},"end":{"line":26,"column":4}},"7":{"start":{"line":16,"column":22},"end":{"line":18,"column":6}},"8":{"start":{"line":20,"column":4},"end":{"line":25,"column":null}},"9":{"start":{"line":21,"column":6},"end":{"line":21,"column":null}},"10":{"start":{"line":22,"column":6},"end":{"line":22,"column":13}},"11":{"start":{"line":24,"column":6},"end":{"line":24,"column":101}},"12":{"start":{"line":24,"column":88},"end":{"line":24,"column":97}}},"fnMap":{"0":{"name":"validateBody","decl":{"start":{"line":6,"column":16},"end":{"line":6,"column":28}},"loc":{"start":{"line":6,"column":55},"end":{"line":8,"column":1}}},"1":{"name":"validateParams","decl":{"start":{"line":10,"column":16},"end":{"line":10,"column":30}},"loc":{"start":{"line":10,"column":57},"end":{"line":12,"column":1}}},"2":{"name":"validate","decl":{"start":{"line":14,"column":9},"end":{"line":14,"column":17}},"loc":{"start":{"line":14,"column":63},"end":{"line":27,"column":1}}},"3":{"name":"(anonymous_4)","decl":{"start":{"line":15,"column":9},"end":{"line":15,"column":10}},"loc":{"start":{"line":15,"column":61},"end":{"line":26,"column":3}}},"4":{"name":"(anonymous_5)","decl":{"start":{"line":24,"column":81},"end":{"line":24,"column":82}},"loc":{"start":{"line":24,"column":88},"end":{"line":24,"column":97}}}},"branchMap":{"0":{"loc":{"start":{"line":20,"column":4},"end":{"line":25,"column":null}},"type":"if","locations":[{"start":{"line":20,"column":4},"end":{"line":25,"column":null}},{"start":{"line":23,"column":11},"end":{"line":25,"column":null}}]}},"s":{"0":3,"1":3,"2":9,"3":3,"4":0,"5":3,"6":9,"7":16,"8":16,"9":11,"10":11,"11":5,"12":12},"f":{"0":9,"1":0,"2":9,"3":16,"4":12},"b":{"0":[11,5]}}
,"C:\\Users\\jonaa\\Desktop\\DRIVEN_T9\\Modulo_5\\projeto-drivenpass\\src\\repositories\\credential-repository\\index.ts": {"path":"C:\\Users\\jonaa\\Desktop\\DRIVEN_T9\\Modulo_5\\projeto-drivenpass\\src\\repositories\\credential-repository\\index.ts","statementMap":{"0":{"start":{"line":2,"column":0},"end":{"line":2,"column":34}},"1":{"start":{"line":8,"column":4},"end":{"line":10,"column":7}},"2":{"start":{"line":16,"column":4},"end":{"line":21,"column":7}},"3":{"start":{"line":27,"column":4},"end":{"line":31,"column":7}},"4":{"start":{"line":35,"column":4},"end":{"line":40,"column":7}},"5":{"start":{"line":44,"column":4},"end":{"line":49,"column":7}},"6":{"start":{"line":59,"column":31},"end":{"line":65,"column":4}},"7":{"start":{"line":68,"column":2},"end":{"line":68,"column":38}}},"fnMap":{"0":{"name":"create","decl":{"start":{"line":7,"column":15},"end":{"line":7,"column":21}},"loc":{"start":{"line":7,"column":60},"end":{"line":11,"column":3}}},"1":{"name":"findByTitle","decl":{"start":{"line":15,"column":15},"end":{"line":15,"column":26}},"loc":{"start":{"line":15,"column":55},"end":{"line":22,"column":3}}},"2":{"name":"findMany","decl":{"start":{"line":26,"column":15},"end":{"line":26,"column":23}},"loc":{"start":{"line":26,"column":38},"end":{"line":32,"column":3}}},"3":{"name":"findById","decl":{"start":{"line":34,"column":17},"end":{"line":34,"column":25}},"loc":{"start":{"line":34,"column":62},"end":{"line":41,"column":3}}},"4":{"name":"deleteById","decl":{"start":{"line":43,"column":17},"end":{"line":43,"column":27}},"loc":{"start":{"line":43,"column":64},"end":{"line":50,"column":3}}}},"branchMap":{},"s":{"0":3,"1":1,"2":2,"3":2,"4":3,"5":2,"6":3,"7":3},"f":{"0":1,"1":2,"2":2,"3":3,"4":2},"b":{}}
,"C:\\Users\\jonaa\\Desktop\\DRIVEN_T9\\Modulo_5\\projeto-drivenpass\\src\\repositories\\session-repository\\index.ts": {"path":"C:\\Users\\jonaa\\Desktop\\DRIVEN_T9\\Modulo_5\\projeto-drivenpass\\src\\repositories\\session-repository\\index.ts","statementMap":{"0":{"start":{"line":2,"column":0},"end":{"line":2,"column":34}},"1":{"start":{"line":5,"column":2},"end":{"line":7,"column":5}},"2":{"start":{"line":11,"column":2},"end":{"line":16,"column":5}},"3":{"start":{"line":21,"column":26},"end":{"line":24,"column":2}},"4":{"start":{"line":26,"column":0},"end":{"line":26,"column":33}}},"fnMap":{"0":{"name":"create","decl":{"start":{"line":4,"column":15},"end":{"line":4,"column":21}},"loc":{"start":{"line":4,"column":62},"end":{"line":8,"column":1}}},"1":{"name":"Find","decl":{"start":{"line":10,"column":15},"end":{"line":10,"column":19}},"loc":{"start":{"line":10,"column":34},"end":{"line":17,"column":1}}}},"branchMap":{},"s":{"0":3,"1":2,"2":2,"3":3,"4":3},"f":{"0":2,"1":2},"b":{}}
,"C:\\Users\\jonaa\\Desktop\\DRIVEN_T9\\Modulo_5\\projeto-drivenpass\\src\\repositories\\user-repository\\index.ts": {"path":"C:\\Users\\jonaa\\Desktop\\DRIVEN_T9\\Modulo_5\\projeto-drivenpass\\src\\repositories\\user-repository\\index.ts","statementMap":{"0":{"start":{"line":2,"column":0},"end":{"line":2,"column":34}},"1":{"start":{"line":6,"column":2},"end":{"line":11,"column":5}},"2":{"start":{"line":15,"column":2},"end":{"line":17,"column":5}},"3":{"start":{"line":20,"column":23},"end":{"line":23,"column":2}},"4":{"start":{"line":25,"column":0},"end":{"line":25,"column":30}}},"fnMap":{"0":{"name":"findByEmail","decl":{"start":{"line":4,"column":15},"end":{"line":4,"column":26}},"loc":{"start":{"line":4,"column":40},"end":{"line":12,"column":1}}},"1":{"name":"create","decl":{"start":{"line":14,"column":15},"end":{"line":14,"column":21}},"loc":{"start":{"line":14,"column":44},"end":{"line":18,"column":1}}}},"branchMap":{},"s":{"0":3,"1":9,"2":4,"3":3,"4":3},"f":{"0":9,"1":4},"b":{}}
,"C:\\Users\\jonaa\\Desktop\\DRIVEN_T9\\Modulo_5\\projeto-drivenpass\\src\\routers\\authentication-router.ts": {"path":"C:\\Users\\jonaa\\Desktop\\DRIVEN_T9\\Modulo_5\\projeto-drivenpass\\src\\routers\\authentication-router.ts","statementMap":{"0":{"start":{"line":1,"column":0},"end":{"line":1,"column":33}},"1":{"start":{"line":2,"column":0},"end":{"line":2,"column":43}},"2":{"start":{"line":3,"column":0},"end":{"line":3,"column":45}},"3":{"start":{"line":4,"column":0},"end":{"line":4,"column":41}},"4":{"start":{"line":6,"column":29},"end":{"line":6,"column":37}},"5":{"start":{"line":10,"column":9},"end":{"line":10,"column":29}},"6":{"start":{"line":8,"column":0},"end":{"line":8,"column":71}}},"fnMap":{},"branchMap":{},"s":{"0":3,"1":3,"2":3,"3":3,"4":3,"5":3,"6":3},"f":{},"b":{}}
,"C:\\Users\\jonaa\\Desktop\\DRIVEN_T9\\Modulo_5\\projeto-drivenpass\\src\\routers\\credential-router.ts": {"path":"C:\\Users\\jonaa\\Desktop\\DRIVEN_T9\\Modulo_5\\projeto-drivenpass\\src\\routers\\credential-router.ts","statementMap":{"0":{"start":{"line":1,"column":0},"end":{"line":1,"column":33}},"1":{"start":{"line":2,"column":0},"end":{"line":2,"column":45}},"2":{"start":{"line":3,"column":0},"end":{"line":3,"column":45}},"3":{"start":{"line":4,"column":0},"end":{"line":4,"column":50}},"4":{"start":{"line":5,"column":0},"end":{"line":5,"column":106}},"5":{"start":{"line":8,"column":25},"end":{"line":8,"column":33}},"6":{"start":{"line":14,"column":9},"end":{"line":14,"column":25}},"7":{"start":{"line":9,"column":0},"end":{"line":13,"column":48}}},"fnMap":{},"branchMap":{},"s":{"0":3,"1":3,"2":3,"3":3,"4":3,"5":3,"6":3,"7":3},"f":{},"b":{}}
,"C:\\Users\\jonaa\\Desktop\\DRIVEN_T9\\Modulo_5\\projeto-drivenpass\\src\\routers\\index.ts": {"path":"C:\\Users\\jonaa\\Desktop\\DRIVEN_T9\\Modulo_5\\projeto-drivenpass\\src\\routers\\index.ts","statementMap":{"0":{"start":{"line":1,"column":0},"end":{"line":1,"column":31}},"1":{"start":{"line":2,"column":0},"end":{"line":2,"column":40}},"2":{"start":{"line":3,"column":0},"end":{"line":3,"column":36}}},"fnMap":{},"branchMap":{},"s":{"0":3,"1":3,"2":3},"f":{},"b":{}}
,"C:\\Users\\jonaa\\Desktop\\DRIVEN_T9\\Modulo_5\\projeto-drivenpass\\src\\routers\\users-router.ts": {"path":"C:\\Users\\jonaa\\Desktop\\DRIVEN_T9\\Modulo_5\\projeto-drivenpass\\src\\routers\\users-router.ts","statementMap":{"0":{"start":{"line":1,"column":0},"end":{"line":1,"column":33}},"1":{"start":{"line":3,"column":0},"end":{"line":3,"column":59}},"2":{"start":{"line":4,"column":0},"end":{"line":4,"column":45}},"3":{"start":{"line":5,"column":0},"end":{"line":5,"column":59}},"4":{"start":{"line":8,"column":20},"end":{"line":8,"column":28}},"5":{"start":{"line":12,"column":9},"end":{"line":12,"column":20}},"6":{"start":{"line":10,"column":0},"end":{"line":10,"column":65}}},"fnMap":{},"branchMap":{},"s":{"0":3,"1":3,"2":3,"3":3,"4":3,"5":3,"6":3},"f":{},"b":{}}
,"C:\\Users\\jonaa\\Desktop\\DRIVEN_T9\\Modulo_5\\projeto-drivenpass\\src\\schemas\\authentication-schemas.ts": {"path":"C:\\Users\\jonaa\\Desktop\\DRIVEN_T9\\Modulo_5\\projeto-drivenpass\\src\\schemas\\authentication-schemas.ts","statementMap":{"0":{"start":{"line":1,"column":0},"end":{"line":1,"column":22}},"1":{"start":{"line":5,"column":13},"end":{"line":8,"column":3}}},"fnMap":{},"branchMap":{},"s":{"0":3,"1":3},"f":{},"b":{}}
,"C:\\Users\\jonaa\\Desktop\\DRIVEN_T9\\Modulo_5\\projeto-drivenpass\\src\\schemas\\credentials-schema.ts": {"path":"C:\\Users\\jonaa\\Desktop\\DRIVEN_T9\\Modulo_5\\projeto-drivenpass\\src\\schemas\\credentials-schema.ts","statementMap":{"0":{"start":{"line":1,"column":0},"end":{"line":1,"column":22}},"1":{"start":{"line":4,"column":13},"end":{"line":9,"column":5}}},"fnMap":{},"branchMap":{},"s":{"0":3,"1":3},"f":{},"b":{}}
,"C:\\Users\\jonaa\\Desktop\\DRIVEN_T9\\Modulo_5\\projeto-drivenpass\\src\\schemas\\index.ts": {"path":"C:\\Users\\jonaa\\Desktop\\DRIVEN_T9\\Modulo_5\\projeto-drivenpass\\src\\schemas\\index.ts","statementMap":{"0":{"start":{"line":1,"column":0},"end":{"line":1,"column":32}},"1":{"start":{"line":2,"column":0},"end":{"line":2,"column":41}},"2":{"start":{"line":3,"column":0},"end":{"line":3,"column":37}}},"fnMap":{},"branchMap":{},"s":{"0":3,"1":3,"2":3},"f":{},"b":{}}
,"C:\\Users\\jonaa\\Desktop\\DRIVEN_T9\\Modulo_5\\projeto-drivenpass\\src\\schemas\\users-schemas.ts": {"path":"C:\\Users\\jonaa\\Desktop\\DRIVEN_T9\\Modulo_5\\projeto-drivenpass\\src\\schemas\\users-schemas.ts","statementMap":{"0":{"start":{"line":1,"column":0},"end":{"line":1,"column":22}},"1":{"start":{"line":7,"column":13},"end":{"line":10,"column":3}}},"fnMap":{},"branchMap":{},"s":{"0":3,"1":3},"f":{},"b":{}}
,"C:\\Users\\jonaa\\Desktop\\DRIVEN_T9\\Modulo_5\\projeto-drivenpass\\src\\services\\authentication-service\\errors.ts": {"path":"C:\\Users\\jonaa\\Desktop\\DRIVEN_T9\\Modulo_5\\projeto-drivenpass\\src\\services\\authentication-service\\errors.ts","statementMap":{"0":{"start":{"line":4,"column":2},"end":{"line":7,"column":4}},"1":{"start":{"line":3,"column":0},"end":{"line":3,"column":16}},"2":{"start":{"line":11,"column":2},"end":{"line":14,"column":4}},"3":{"start":{"line":10,"column":0},"end":{"line":10,"column":16}}},"fnMap":{"0":{"name":"invalidCredentialsError","decl":{"start":{"line":3,"column":16},"end":{"line":3,"column":39}},"loc":{"start":{"line":3,"column":39},"end":{"line":8,"column":1}}},"1":{"name":"tokenAlreadyExist","decl":{"start":{"line":10,"column":16},"end":{"line":10,"column":33}},"loc":{"start":{"line":10,"column":47},"end":{"line":15,"column":1}}}},"branchMap":{},"s":{"0":3,"1":3,"2":0,"3":3},"f":{"0":3,"1":0},"b":{}}
,"C:\\Users\\jonaa\\Desktop\\DRIVEN_T9\\Modulo_5\\projeto-drivenpass\\src\\services\\authentication-service\\index.ts": {"path":"C:\\Users\\jonaa\\Desktop\\DRIVEN_T9\\Modulo_5\\projeto-drivenpass\\src\\services\\authentication-service\\index.ts","statementMap":{"0":{"start":{"line":2,"column":0},"end":{"line":2,"column":28}},"1":{"start":{"line":3,"column":0},"end":{"line":3,"column":31}},"2":{"start":{"line":4,"column":0},"end":{"line":4,"column":70}},"3":{"start":{"line":5,"column":0},"end":{"line":5,"column":47}},"4":{"start":{"line":6,"column":0},"end":{"line":6,"column":60}},"5":{"start":{"line":7,"column":0},"end":{"line":7,"column":66}},"6":{"start":{"line":10,"column":30},"end":{"line":10,"column":36}},"7":{"start":{"line":12,"column":15},"end":{"line":12,"column":41}},"8":{"start":{"line":13,"column":17},"end":{"line":13,"column":24}},"9":{"start":{"line":15,"column":2},"end":{"line":15,"column":56}},"10":{"start":{"line":16,"column":23},"end":{"line":16,"column":59}},"11":{"start":{"line":18,"column":2},"end":{"line":18,"column":null}},"12":{"start":{"line":18,"column":20},"end":{"line":18,"column":null}},"13":{"start":{"line":20,"column":16},"end":{"line":20,"column":44}},"14":{"start":{"line":22,"column":2},"end":{"line":25,"column":4}},"15":{"start":{"line":29,"column":15},"end":{"line":29,"column":54}},"16":{"start":{"line":30,"column":2},"end":{"line":30,"column":45}},"17":{"start":{"line":30,"column":13},"end":{"line":30,"column":45}},"18":{"start":{"line":32,"column":2},"end":{"line":32,"column":14}},"19":{"start":{"line":36,"column":16},"end":{"line":36,"column":60}},"20":{"start":{"line":37,"column":2},"end":{"line":40,"column":5}},"21":{"start":{"line":42,"column":2},"end":{"line":42,"column":15}},"22":{"start":{"line":46,"column":26},"end":{"line":46,"column":70}},"23":{"start":{"line":47,"column":2},"end":{"line":47,"column":56}},"24":{"start":{"line":47,"column":24},"end":{"line":47,"column":56}},"25":{"start":{"line":59,"column":30},"end":{"line":61,"column":2}},"26":{"start":{"line":63,"column":0},"end":{"line":63,"column":37}},"27":{"start":{"line":64,"column":0},"end":{"line":64,"column":25}}},"fnMap":{"0":{"name":"signIn","decl":{"start":{"line":9,"column":15},"end":{"line":9,"column":21}},"loc":{"start":{"line":9,"column":42},"end":{"line":26,"column":1}}},"1":{"name":"getUserOrFail","decl":{"start":{"line":28,"column":15},"end":{"line":28,"column":28}},"loc":{"start":{"line":28,"column":42},"end":{"line":33,"column":1}}},"2":{"name":"createSession","decl":{"start":{"line":35,"column":15},"end":{"line":35,"column":28}},"loc":{"start":{"line":35,"column":43},"end":{"line":43,"column":1}}},"3":{"name":"validatePasswordOrFail","decl":{"start":{"line":45,"column":15},"end":{"line":45,"column":37}},"loc":{"start":{"line":45,"column":76},"end":{"line":48,"column":1}}}},"branchMap":{"0":{"loc":{"start":{"line":18,"column":2},"end":{"line":18,"column":null}},"type":"if","locations":[{"start":{"line":18,"column":2},"end":{"line":18,"column":null}}]},"1":{"loc":{"start":{"line":30,"column":2},"end":{"line":30,"column":45}},"type":"if","locations":[{"start":{"line":30,"column":2},"end":{"line":30,"column":45}}]},"2":{"loc":{"start":{"line":47,"column":2},"end":{"line":47,"column":56}},"type":"if","locations":[{"start":{"line":47,"column":2},"end":{"line":47,"column":56}}]}},"s":{"0":3,"1":3,"2":3,"3":3,"4":3,"5":3,"6":5,"7":5,"8":3,"9":3,"10":2,"11":2,"12":0,"13":2,"14":1,"15":5,"16":5,"17":2,"18":3,"19":2,"20":2,"21":1,"22":3,"23":3,"24":1,"25":3,"26":3,"27":3},"f":{"0":5,"1":5,"2":2,"3":3},"b":{"0":[0],"1":[2],"2":[1]}}
,"C:\\Users\\jonaa\\Desktop\\DRIVEN_T9\\Modulo_5\\projeto-drivenpass\\src\\services\\credentials-service\\errors.ts": {"path":"C:\\Users\\jonaa\\Desktop\\DRIVEN_T9\\Modulo_5\\projeto-drivenpass\\src\\services\\credentials-service\\errors.ts","statementMap":{"0":{"start":{"line":4,"column":2},"end":{"line":7,"column":4}},"1":{"start":{"line":3,"column":0},"end":{"line":3,"column":16}}},"fnMap":{"0":{"name":"titleAlreadyExist","decl":{"start":{"line":3,"column":16},"end":{"line":3,"column":33}},"loc":{"start":{"line":3,"column":33},"end":{"line":8,"column":1}}}},"branchMap":{},"s":{"0":1,"1":3},"f":{"0":1},"b":{}}
,"C:\\Users\\jonaa\\Desktop\\DRIVEN_T9\\Modulo_5\\projeto-drivenpass\\src\\services\\credentials-service\\index.ts": {"path":"C:\\Users\\jonaa\\Desktop\\DRIVEN_T9\\Modulo_5\\projeto-drivenpass\\src\\services\\credentials-service\\index.ts","statementMap":{"0":{"start":{"line":2,"column":0},"end":{"line":2,"column":28}},"1":{"start":{"line":4,"column":0},"end":{"line":4,"column":45}},"2":{"start":{"line":5,"column":0},"end":{"line":5,"column":72}},"3":{"start":{"line":7,"column":0},"end":{"line":7,"column":41}},"4":{"start":{"line":11,"column":2},"end":{"line":11,"column":53}},"5":{"start":{"line":13,"column":25},"end":{"line":13,"column":61}},"6":{"start":{"line":15,"column":16},"end":{"line":21,"column":null}},"7":{"start":{"line":23,"column":2},"end":{"line":25,"column":4}},"8":{"start":{"line":9,"column":0},"end":{"line":9,"column":7}},"9":{"start":{"line":29,"column":28},"end":{"line":29,"column":81}},"10":{"start":{"line":30,"column":2},"end":{"line":30,"column":null}},"11":{"start":{"line":31,"column":2},"end":{"line":33,"column":null}},"12":{"start":{"line":32,"column":4},"end":{"line":32,"column":30}},"13":{"start":{"line":37,"column":35},"end":{"line":37,"column":78}},"14":{"start":{"line":38,"column":2},"end":{"line":38,"column":51}},"15":{"start":{"line":38,"column":29},"end":{"line":38,"column":51}},"16":{"start":{"line":39,"column":2},"end":{"line":39,"column":20}},"17":{"start":{"line":43,"column":33},"end":{"line":43,"column":90}},"18":{"start":{"line":44,"column":2},"end":{"line":44,"column":41}},"19":{"start":{"line":44,"column":19},"end":{"line":44,"column":41}},"20":{"start":{"line":45,"column":2},"end":{"line":45,"column":null}},"21":{"start":{"line":46,"column":2},"end":{"line":46,"column":20}},"22":{"start":{"line":50,"column":21},"end":{"line":50,"column":80}},"23":{"start":{"line":51,"column":2},"end":{"line":51,"column":41}},"24":{"start":{"line":51,"column":19},"end":{"line":51,"column":41}},"25":{"start":{"line":52,"column":2},"end":{"line":52,"column":null}},"26":{"start":{"line":59,"column":26},"end":{"line":64,"column":2}},"27":{"start":{"line":66,"column":0},"end":{"line":66,"column":25}},"28":{"start":{"line":67,"column":0},"end":{"line":67,"column":33}}},"fnMap":{"0":{"name":"createCredential","decl":{"start":{"line":9,"column":22},"end":{"line":9,"column":38}},"loc":{"start":{"line":9,"column":69},"end":{"line":26,"column":1}}},"1":{"name":"validateUniqueTitle","decl":{"start":{"line":28,"column":15},"end":{"line":28,"column":34}},"loc":{"start":{"line":28,"column":64},"end":{"line":34,"column":1}}},"2":{"name":"findAllCredentials","decl":{"start":{"line":36,"column":15},"end":{"line":36,"column":33}},"loc":{"start":{"line":36,"column":48},"end":{"line":40,"column":1}}},"3":{"name":"findUniqueCredential","decl":{"start":{"line":42,"column":15},"end":{"line":42,"column":35}},"loc":{"start":{"line":42,"column":72},"end":{"line":47,"column":1}}},"4":{"name":"deleteCredentialById","decl":{"start":{"line":49,"column":15},"end":{"line":49,"column":35}},"loc":{"start":{"line":49,"column":72},"end":{"line":53,"column":1}}}},"branchMap":{"0":{"loc":{"start":{"line":31,"column":2},"end":{"line":33,"column":null}},"type":"if","locations":[{"start":{"line":31,"column":2},"end":{"line":33,"column":null}}]},"1":{"loc":{"start":{"line":38,"column":2},"end":{"line":38,"column":51}},"type":"if","locations":[{"start":{"line":38,"column":2},"end":{"line":38,"column":51}}]},"2":{"loc":{"start":{"line":44,"column":2},"end":{"line":44,"column":41}},"type":"if","locations":[{"start":{"line":44,"column":2},"end":{"line":44,"column":41}}]},"3":{"loc":{"start":{"line":51,"column":2},"end":{"line":51,"column":41}},"type":"if","locations":[{"start":{"line":51,"column":2},"end":{"line":51,"column":41}}]}},"s":{"0":3,"1":3,"2":3,"3":3,"4":2,"5":1,"6":1,"7":1,"8":3,"9":2,"10":2,"11":2,"12":1,"13":2,"14":2,"15":1,"16":1,"17":3,"18":3,"19":2,"20":1,"21":1,"22":2,"23":2,"24":0,"25":2,"26":3,"27":3,"28":3},"f":{"0":2,"1":2,"2":2,"3":3,"4":2},"b":{"0":[1],"1":[1],"2":[2],"3":[0]}}
,"C:\\Users\\jonaa\\Desktop\\DRIVEN_T9\\Modulo_5\\projeto-drivenpass\\src\\services\\users-service\\errors.ts": {"path":"C:\\Users\\jonaa\\Desktop\\DRIVEN_T9\\Modulo_5\\projeto-drivenpass\\src\\services\\users-service\\errors.ts","statementMap":{"0":{"start":{"line":4,"column":2},"end":{"line":7,"column":4}},"1":{"start":{"line":3,"column":0},"end":{"line":3,"column":16}}},"fnMap":{"0":{"name":"duplicatedEmailError","decl":{"start":{"line":3,"column":16},"end":{"line":3,"column":36}},"loc":{"start":{"line":3,"column":36},"end":{"line":8,"column":1}}}},"branchMap":{},"s":{"0":0,"1":3},"f":{"0":0},"b":{}}
,"C:\\Users\\jonaa\\Desktop\\DRIVEN_T9\\Modulo_5\\projeto-drivenpass\\src\\services\\users-service\\index.ts": {"path":"C:\\Users\\jonaa\\Desktop\\DRIVEN_T9\\Modulo_5\\projeto-drivenpass\\src\\services\\users-service\\index.ts","statementMap":{"0":{"start":{"line":2,"column":0},"end":{"line":2,"column":28}},"1":{"start":{"line":3,"column":0},"end":{"line":3,"column":48}},"2":{"start":{"line":4,"column":0},"end":{"line":4,"column":60}},"3":{"start":{"line":8,"column":2},"end":{"line":8,"column":41}},"4":{"start":{"line":10,"column":25},"end":{"line":10,"column":56}},"5":{"start":{"line":11,"column":2},"end":{"line":14,"column":5}},"6":{"start":{"line":6,"column":0},"end":{"line":6,"column":7}},"7":{"start":{"line":18,"column":28},"end":{"line":18,"column":67}},"8":{"start":{"line":19,"column":2},"end":{"line":21,"column":null}},"9":{"start":{"line":20,"column":4},"end":{"line":20,"column":33}},"10":{"start":{"line":28,"column":20},"end":{"line":30,"column":2}},"11":{"start":{"line":32,"column":0},"end":{"line":32,"column":25}},"12":{"start":{"line":33,"column":0},"end":{"line":33,"column":27}}},"fnMap":{"0":{"name":"createUser","decl":{"start":{"line":6,"column":22},"end":{"line":6,"column":32}},"loc":{"start":{"line":6,"column":70},"end":{"line":15,"column":1}}},"1":{"name":"validateUniqueEmailOrFail","decl":{"start":{"line":17,"column":15},"end":{"line":17,"column":40}},"loc":{"start":{"line":17,"column":54},"end":{"line":22,"column":1}}}},"branchMap":{"0":{"loc":{"start":{"line":19,"column":2},"end":{"line":21,"column":null}},"type":"if","locations":[{"start":{"line":19,"column":2},"end":{"line":21,"column":null}}]}},"s":{"0":3,"1":3,"2":3,"3":4,"4":4,"5":4,"6":3,"7":4,"8":4,"9":0,"10":3,"11":3,"12":3},"f":{"0":4,"1":4},"b":{"0":[0]}}
,"C:\\Users\\jonaa\\Desktop\\DRIVEN_T9\\Modulo_5\\projeto-drivenpass\\src\\utils\\prisma-utils.ts": {"path":"C:\\Users\\jonaa\\Desktop\\DRIVEN_T9\\Modulo_5\\projeto-drivenpass\\src\\utils\\prisma-utils.ts","statementMap":{"0":{"start":{"line":2,"column":20},"end":{"line":2,"column":54}},"1":{"start":{"line":3,"column":2},"end":{"line":5,"column":null}},"2":{"start":{"line":4,"column":4},"end":{"line":4,"column":26}},"3":{"start":{"line":6,"column":2},"end":{"line":6,"column":19}},"4":{"start":{"line":1,"column":0},"end":{"line":1,"column":16}}},"fnMap":{"0":{"name":"exclude","decl":{"start":{"line":1,"column":16},"end":{"line":1,"column":23}},"loc":{"start":{"line":1,"column":73},"end":{"line":7,"column":1}}}},"branchMap":{},"s":{"0":1,"1":1,"2":1,"3":1,"4":3},"f":{"0":1},"b":{}}
,"C:\\Users\\jonaa\\Desktop\\DRIVEN_T9\\Modulo_5\\projeto-drivenpass\\tests\\helpers.ts": {"path":"C:\\Users\\jonaa\\Desktop\\DRIVEN_T9\\Modulo_5\\projeto-drivenpass\\tests\\helpers.ts","statementMap":{"0":{"start":{"line":1,"column":0},"end":{"line":1,"column":36}},"1":{"start":{"line":4,"column":0},"end":{"line":4,"column":41}},"2":{"start":{"line":5,"column":0},"end":{"line":5,"column":61}},"3":{"start":{"line":6,"column":0},"end":{"line":6,"column":34}},"4":{"start":{"line":9,"column":2},"end":{"line":9,"column":41}},"5":{"start":{"line":10,"column":2},"end":{"line":10,"column":38}},"6":{"start":{"line":11,"column":2},"end":{"line":11,"column":35}},"7":{"start":{"line":8,"column":0},"end":{"line":8,"column":7}},"8":{"start":{"line":16,"column":23},"end":{"line":16,"column":51}},"9":{"start":{"line":17,"column":16},"end":{"line":17,"column":77}},"10":{"start":{"line":19,"column":2},"end":{"line":19,"column":29}},"11":{"start":{"line":21,"column":2},"end":{"line":21,"column":15}},"12":{"start":{"line":15,"column":0},"end":{"line":15,"column":7}}},"fnMap":{"0":{"name":"cleanDb","decl":{"start":{"line":8,"column":22},"end":{"line":8,"column":29}},"loc":{"start":{"line":8,"column":29},"end":{"line":13,"column":1}}},"1":{"name":"generateValidToken","decl":{"start":{"line":15,"column":22},"end":{"line":15,"column":40}},"loc":{"start":{"line":15,"column":52},"end":{"line":22,"column":1}}}},"branchMap":{"0":{"loc":{"start":{"line":16,"column":23},"end":{"line":16,"column":51}},"type":"binary-expr","locations":[{"start":{"line":16,"column":23},"end":{"line":16,"column":27}},{"start":{"line":16,"column":32},"end":{"line":16,"column":50}}]}},"s":{"0":3,"1":3,"2":3,"3":3,"4":24,"5":24,"6":24,"7":3,"8":10,"9":10,"10":10,"11":10,"12":3},"f":{"0":24,"1":10},"b":{"0":[10,0]}}
,"C:\\Users\\jonaa\\Desktop\\DRIVEN_T9\\Modulo_5\\projeto-drivenpass\\tests\\factories\\credentials-factory.ts": {"path":"C:\\Users\\jonaa\\Desktop\\DRIVEN_T9\\Modulo_5\\projeto-drivenpass\\tests\\factories\\credentials-factory.ts","statementMap":{"0":{"start":{"line":1,"column":0},"end":{"line":1,"column":34}},"1":{"start":{"line":6,"column":2},"end":{"line":8,"column":5}},"2":{"start":{"line":5,"column":0},"end":{"line":5,"column":7}}},"fnMap":{"0":{"name":"createCredential","decl":{"start":{"line":5,"column":22},"end":{"line":5,"column":38}},"loc":{"start":{"line":5,"column":77},"end":{"line":9,"column":1}}}},"branchMap":{},"s":{"0":3,"1":6,"2":3},"f":{"0":6},"b":{}}
,"C:\\Users\\jonaa\\Desktop\\DRIVEN_T9\\Modulo_5\\projeto-drivenpass\\tests\\factories\\index.ts": {"path":"C:\\Users\\jonaa\\Desktop\\DRIVEN_T9\\Modulo_5\\projeto-drivenpass\\tests\\factories\\index.ts","statementMap":{"0":{"start":{"line":1,"column":0},"end":{"line":1,"column":32}},"1":{"start":{"line":2,"column":0},"end":{"line":2,"column":35}},"2":{"start":{"line":3,"column":0},"end":{"line":3,"column":38}}},"fnMap":{},"branchMap":{},"s":{"0":3,"1":3,"2":3},"f":{},"b":{}}
,"C:\\Users\\jonaa\\Desktop\\DRIVEN_T9\\Modulo_5\\projeto-drivenpass\\tests\\factories\\sessions-factory.ts": {"path":"C:\\Users\\jonaa\\Desktop\\DRIVEN_T9\\Modulo_5\\projeto-drivenpass\\tests\\factories\\sessions-factory.ts","statementMap":{"0":{"start":{"line":2,"column":0},"end":{"line":2,"column":45}},"1":{"start":{"line":3,"column":0},"end":{"line":3,"column":34}},"2":{"start":{"line":6,"column":15},"end":{"line":6,"column":33}},"3":{"start":{"line":8,"column":2},"end":{"line":13,"column":5}},"4":{"start":{"line":5,"column":0},"end":{"line":5,"column":7}}},"fnMap":{"0":{"name":"createSession","decl":{"start":{"line":5,"column":22},"end":{"line":5,"column":35}},"loc":{"start":{"line":5,"column":49},"end":{"line":14,"column":1}}}},"branchMap":{},"s":{"0":3,"1":3,"2":10,"3":10,"4":3},"f":{"0":10},"b":{}}
,"C:\\Users\\jonaa\\Desktop\\DRIVEN_T9\\Modulo_5\\projeto-drivenpass\\tests\\factories\\users-factory.ts": {"path":"C:\\Users\\jonaa\\Desktop\\DRIVEN_T9\\Modulo_5\\projeto-drivenpass\\tests\\factories\\users-factory.ts","statementMap":{"0":{"start":{"line":1,"column":0},"end":{"line":1,"column":28}},"1":{"start":{"line":2,"column":0},"end":{"line":2,"column":36}},"2":{"start":{"line":4,"column":0},"end":{"line":4,"column":34}},"3":{"start":{"line":7,"column":27},"end":{"line":7,"column":72}},"4":{"start":{"line":8,"column":25},"end":{"line":8,"column":64}},"5":{"start":{"line":10,"column":2},"end":{"line":15,"column":5}},"6":{"start":{"line":6,"column":0},"end":{"line":6,"column":7}}},"fnMap":{"0":{"name":"createUser","decl":{"start":{"line":6,"column":22},"end":{"line":6,"column":32}},"loc":{"start":{"line":6,"column":59},"end":{"line":16,"column":1}}}},"branchMap":{"0":{"loc":{"start":{"line":6,"column":33},"end":{"line":6,"column":59}},"type":"default-arg","locations":[{"start":{"line":6,"column":57},"end":{"line":6,"column":59}}]},"1":{"loc":{"start":{"line":7,"column":27},"end":{"line":7,"column":72}},"type":"binary-expr","locations":[{"start":{"line":7,"column":27},"end":{"line":7,"column":42}},{"start":{"line":7,"column":46},"end":{"line":7,"column":72}}]},"2":{"loc":{"start":{"line":12,"column":13},"end":{"line":12,"column":51}},"type":"binary-expr","locations":[{"start":{"line":12,"column":13},"end":{"line":12,"column":25}},{"start":{"line":12,"column":29},"end":{"line":12,"column":51}}]}},"s":{"0":3,"1":3,"2":3,"3":29,"4":29,"5":29,"6":3},"f":{"0":29},"b":{"0":[24],"1":[29,24],"2":[29,24]}}
}
