TN:
SF:src\app.ts
FN:28,init
FN:33,close
FNF:2
FNH:1
FNDA:3,init
FNDA:0,close
DA:1,3
DA:2,3
DA:4,3
DA:6,3
DA:8,3
DA:9,3
DA:16,3
DA:18,3
DA:19,3
DA:28,3
DA:29,3
DA:30,3
DA:33,3
DA:34,0
DA:38,3
LF:15
LH:14
BRF:0
BRH:0
end_of_record
TN:
SF:src\config\database.ts
FN:4,connectDb
FN:8,disconnectDB
FNF:2
FNH:1
FNDA:3,connectDb
FNDA:0,disconnectDB
DA:1,4
DA:4,4
DA:5,3
DA:8,4
DA:9,0
LF:5
LH:4
BRF:0
BRH:0
end_of_record
TN:
SF:src\config\envs.ts
FN:4,loadEnv
FNF:1
FNH:1
FNDA:7,loadEnv
DA:1,4
DA:2,4
DA:4,4
DA:6,7
DA:12,7
DA:13,7
LF:6
LH:6
BRDA:6,0,0,7
BRDA:6,0,1,0
BRDA:8,1,0,0
BRDA:8,1,1,0
BRF:4
BRH:1
end_of_record
TN:
SF:src\config\index.ts
FNF:0
FNH:0
DA:1,4
DA:2,4
LF:2
LH:2
BRF:0
BRH:0
end_of_record
TN:
SF:src\controllers\authentication-controller.ts
FN:5,singInPost
FNF:1
FNH:1
FNDA:5,singInPost
DA:2,3
DA:3,3
DA:5,3
DA:6,5
DA:8,5
DA:9,5
DA:11,1
DA:13,4
LF:8
LH:8
BRF:0
BRH:0
end_of_record
TN:
SF:src\controllers\credentials-controller.ts
FN:6,credentialPost
FN:20,credentialGetAll
FN:33,credentialGetById
FN:49,deleteCredentialById
FNF:4
FNH:4
FNDA:2,credentialPost
FNDA:2,credentialGetAll
FNDA:3,credentialGetById
FNDA:2,deleteCredentialById
DA:3,3
DA:4,3
DA:6,3
DA:7,2
DA:8,2
DA:10,2
DA:11,2
DA:12,1
DA:16,1
DA:20,3
DA:21,2
DA:22,2
DA:23,2
DA:24,1
DA:28,1
DA:33,3
DA:34,3
DA:35,3
DA:36,3
DA:38,3
DA:40,3
DA:41,1
DA:45,2
DA:49,3
DA:50,2
DA:51,2
DA:52,2
DA:54,2
DA:55,2
DA:59,0
LF:30
LH:29
BRDA:38,0,0,0
BRF:1
BRH:0
end_of_record
TN:
SF:src\controllers\index.ts
FNF:0
FNH:0
DA:1,3
DA:2,3
DA:3,3
LF:3
LH:3
BRF:0
BRH:0
end_of_record
TN:
SF:src\controllers\users-controller.ts
FN:5,usersPost
FNF:1
FNH:1
FNDA:4,usersPost
DA:2,3
DA:3,3
DA:5,3
DA:6,4
DA:8,4
DA:9,4
DA:10,4
DA:15,0
LF:8
LH:7
BRF:0
BRH:0
end_of_record
TN:
SF:src\errors\cannot-enroll-before-start-date-error.ts
FN:3,cannotEnrollBeforeStartDateError
FNF:1
FNH:0
FNDA:0,cannotEnrollBeforeStartDateError
DA:3,3
DA:4,0
LF:2
LH:1
BRF:0
BRH:0
end_of_record
TN:
SF:src\errors\conflict-error.ts
FN:3,conflictError
FNF:1
FNH:0
FNDA:0,conflictError
DA:3,3
DA:4,0
LF:2
LH:1
BRF:0
BRH:0
end_of_record
TN:
SF:src\errors\index.ts
FNF:0
FNH:0
DA:1,3
DA:2,3
DA:3,3
DA:4,3
DA:5,3
DA:6,3
DA:7,3
DA:8,3
LF:8
LH:8
BRF:0
BRH:0
end_of_record
TN:
SF:src\errors\invalid-data-error.ts
FN:3,invalidDataError
FNF:1
FNH:1
FNDA:5,invalidDataError
DA:3,3
DA:4,5
LF:2
LH:2
BRF:0
BRH:0
end_of_record
TN:
SF:src\errors\invalid-email-error.ts
FN:3,invalidEmailError
FNF:1
FNH:0
FNDA:0,invalidEmailError
DA:3,3
DA:4,0
LF:2
LH:1
BRF:0
BRH:0
end_of_record
TN:
SF:src\errors\not-found-error.ts
FN:3,notFoundError
FNF:1
FNH:1
FNDA:3,notFoundError
DA:3,3
DA:4,3
LF:2
LH:2
BRF:0
BRH:0
end_of_record
TN:
SF:src\errors\payment-required-error.ts
FN:3,cannotListHotelsError
FNF:1
FNH:0
FNDA:0,cannotListHotelsError
DA:3,3
DA:4,0
LF:2
LH:1
BRF:0
BRH:0
end_of_record
TN:
SF:src\errors\request-error.ts
FN:3,requestError
FNF:1
FNH:0
FNDA:0,requestError
DA:3,3
DA:4,0
LF:2
LH:1
BRF:0
BRH:0
end_of_record
TN:
SF:src\errors\unauthorized-error.ts
FN:3,unauthorizedError
FNF:1
FNH:1
FNDA:12,unauthorizedError
DA:3,3
DA:4,12
LF:2
LH:2
BRF:0
BRH:0
end_of_record
TN:
SF:src\middlewares\authentication-middleware.ts
FN:8,authenticateToken
FN:33,generateUnauthorizedResponse
FNF:2
FNH:2
FNDA:22,authenticateToken
FNDA:12,generateUnauthorizedResponse
DA:2,3
DA:3,3
DA:5,3
DA:6,3
DA:8,3
DA:9,22
DA:10,22
DA:12,18
DA:13,18
DA:15,18
DA:16,18
DA:18,14
DA:23,14
DA:25,10
DA:27,10
DA:29,4
DA:34,12
LF:17
LH:17
BRDA:10,0,0,4
BRDA:13,1,0,0
BRDA:23,2,0,4
BRF:3
BRH:2
end_of_record
TN:
SF:src\middlewares\error-handling-middleware.ts
FN:5,handleApplicationErrors
FNF:1
FNH:1
FNDA:8,handleApplicationErrors
DA:2,3
DA:5,3
DA:11,8
DA:12,0
DA:17,8
DA:18,1
DA:24,7
DA:25,0
DA:30,7
DA:31,0
DA:37,7
DA:38,0
DA:43,7
DA:44,3
DA:49,4
DA:50,0
DA:55,4
DA:56,3
DA:62,1
DA:63,1
LF:20
LH:15
BRDA:11,0,0,0
BRDA:17,1,0,1
BRDA:24,2,0,0
BRDA:30,3,0,0
BRDA:37,4,0,0
BRDA:37,5,0,7
BRDA:37,5,1,7
BRDA:43,6,0,3
BRDA:49,7,0,0
BRDA:55,8,0,3
BRF:10
BRH:5
end_of_record
TN:
SF:src\middlewares\index.ts
FNF:0
FNH:0
DA:1,3
DA:2,3
DA:3,3
LF:3
LH:3
BRF:0
BRH:0
end_of_record
TN:
SF:src\middlewares\validation-middleware.ts
FN:6,validateBody
FN:10,validateParams
FN:14,validate
FN:15,(anonymous_4)
FN:24,(anonymous_5)
FNF:5
FNH:4
FNDA:9,validateBody
FNDA:0,validateParams
FNDA:9,validate
FNDA:16,(anonymous_4)
FNDA:12,(anonymous_5)
DA:2,3
DA:4,3
DA:6,3
DA:7,9
DA:10,3
DA:11,0
DA:15,9
DA:16,16
DA:20,16
DA:21,11
DA:22,11
DA:24,12
LF:12
LH:11
BRDA:20,0,0,11
BRDA:20,0,1,5
BRF:2
BRH:2
end_of_record
TN:
SF:src\repositories\credential-repository\index.ts
FN:7,create
FN:15,findByTitle
FN:26,findMany
FN:34,findById
FN:43,deleteById
FNF:5
FNH:5
FNDA:1,create
FNDA:2,findByTitle
FNDA:2,findMany
FNDA:3,findById
FNDA:2,deleteById
DA:2,3
DA:8,1
DA:16,2
DA:27,2
DA:35,3
DA:44,2
DA:59,3
DA:68,3
LF:8
LH:8
BRF:0
BRH:0
end_of_record
TN:
SF:src\repositories\session-repository\index.ts
FN:4,create
FN:10,Find
FNF:2
FNH:2
FNDA:2,create
FNDA:2,Find
DA:2,3
DA:5,2
DA:11,2
DA:21,3
DA:26,3
LF:5
LH:5
BRF:0
BRH:0
end_of_record
TN:
SF:src\repositories\user-repository\index.ts
FN:4,findByEmail
FN:14,create
FNF:2
FNH:2
FNDA:9,findByEmail
FNDA:4,create
DA:2,3
DA:6,9
DA:15,4
DA:20,3
DA:25,3
LF:5
LH:5
BRF:0
BRH:0
end_of_record
TN:
SF:src\routers\authentication-router.ts
FNF:0
FNH:0
DA:1,3
DA:2,3
DA:3,3
DA:4,3
DA:6,3
DA:8,3
DA:10,3
LF:7
LH:7
BRF:0
BRH:0
end_of_record
TN:
SF:src\routers\credential-router.ts
FNF:0
FNH:0
DA:1,3
DA:2,3
DA:3,3
DA:4,3
DA:5,3
DA:8,3
DA:9,3
DA:14,3
LF:8
LH:8
BRF:0
BRH:0
end_of_record
TN:
SF:src\routers\index.ts
FNF:0
FNH:0
DA:1,3
DA:2,3
DA:3,3
LF:3
LH:3
BRF:0
BRH:0
end_of_record
TN:
SF:src\routers\users-router.ts
FNF:0
FNH:0
DA:1,3
DA:3,3
DA:4,3
DA:5,3
DA:8,3
DA:10,3
DA:12,3
LF:7
LH:7
BRF:0
BRH:0
end_of_record
TN:
SF:src\schemas\authentication-schemas.ts
FNF:0
FNH:0
DA:1,3
DA:5,3
LF:2
LH:2
BRF:0
BRH:0
end_of_record
TN:
SF:src\schemas\credentials-schema.ts
FNF:0
FNH:0
DA:1,3
DA:4,3
LF:2
LH:2
BRF:0
BRH:0
end_of_record
TN:
SF:src\schemas\index.ts
FNF:0
FNH:0
DA:1,3
DA:2,3
DA:3,3
LF:3
LH:3
BRF:0
BRH:0
end_of_record
TN:
SF:src\schemas\users-schemas.ts
FNF:0
FNH:0
DA:1,3
DA:7,3
LF:2
LH:2
BRF:0
BRH:0
end_of_record
TN:
SF:src\services\authentication-service\errors.ts
FN:3,invalidCredentialsError
FN:10,tokenAlreadyExist
FNF:2
FNH:1
FNDA:3,invalidCredentialsError
FNDA:0,tokenAlreadyExist
DA:3,3
DA:4,3
DA:10,3
DA:11,0
LF:4
LH:3
BRF:0
BRH:0
end_of_record
TN:
SF:src\services\authentication-service\index.ts
FN:9,signIn
FN:28,getUserOrFail
FN:35,createSession
FN:45,validatePasswordOrFail
FNF:4
FNH:4
FNDA:5,signIn
FNDA:5,getUserOrFail
FNDA:2,createSession
FNDA:3,validatePasswordOrFail
DA:2,3
DA:3,3
DA:4,3
DA:5,3
DA:6,3
DA:7,3
DA:10,5
DA:12,5
DA:13,3
DA:15,3
DA:16,2
DA:18,2
DA:20,2
DA:22,1
DA:29,5
DA:30,5
DA:32,3
DA:36,2
DA:37,2
DA:42,1
DA:46,3
DA:47,3
DA:59,3
DA:63,3
DA:64,3
LF:25
LH:25
BRDA:18,0,0,0
BRDA:30,1,0,2
BRDA:47,2,0,1
BRF:3
BRH:2
end_of_record
TN:
SF:src\services\credentials-service\errors.ts
FN:3,titleAlreadyExist
FNF:1
FNH:1
FNDA:1,titleAlreadyExist
DA:3,3
DA:4,1
LF:2
LH:2
BRF:0
BRH:0
end_of_record
TN:
SF:src\services\credentials-service\index.ts
FN:9,createCredential
FN:28,validateUniqueTitle
FN:36,findAllCredentials
FN:42,findUniqueCredential
FN:49,deleteCredentialById
FNF:5
FNH:5
FNDA:2,createCredential
FNDA:2,validateUniqueTitle
FNDA:2,findAllCredentials
FNDA:3,findUniqueCredential
FNDA:2,deleteCredentialById
DA:2,3
DA:4,3
DA:5,3
DA:7,3
DA:9,3
DA:11,2
DA:13,1
DA:15,1
DA:23,1
DA:29,2
DA:30,2
DA:31,2
DA:32,1
DA:37,2
DA:38,2
DA:39,1
DA:43,3
DA:44,3
DA:45,1
DA:46,1
DA:50,2
DA:51,2
DA:52,2
DA:59,3
DA:66,3
DA:67,3
LF:26
LH:26
BRDA:31,0,0,1
BRDA:38,1,0,1
BRDA:44,2,0,2
BRDA:51,3,0,0
BRF:4
BRH:3
end_of_record
TN:
SF:src\services\users-service\errors.ts
FN:3,duplicatedEmailError
FNF:1
FNH:0
FNDA:0,duplicatedEmailError
DA:3,3
DA:4,0
LF:2
LH:1
BRF:0
BRH:0
end_of_record
TN:
SF:src\services\users-service\index.ts
FN:6,createUser
FN:17,validateUniqueEmailOrFail
FNF:2
FNH:2
FNDA:4,createUser
FNDA:4,validateUniqueEmailOrFail
DA:2,3
DA:3,3
DA:4,3
DA:6,3
DA:8,4
DA:10,4
DA:11,4
DA:18,4
DA:19,4
DA:20,0
DA:28,3
DA:32,3
DA:33,3
LF:13
LH:12
BRDA:19,0,0,0
BRF:1
BRH:0
end_of_record
TN:
SF:src\utils\prisma-utils.ts
FN:1,exclude
FNF:1
FNH:1
FNDA:1,exclude
DA:1,3
DA:2,1
DA:3,1
DA:4,1
DA:6,1
LF:5
LH:5
BRF:0
BRH:0
end_of_record
TN:
SF:tests\helpers.ts
FN:8,cleanDb
FN:15,generateValidToken
FNF:2
FNH:2
FNDA:24,cleanDb
FNDA:10,generateValidToken
DA:1,3
DA:4,3
DA:5,3
DA:6,3
DA:8,3
DA:9,24
DA:10,24
DA:11,24
DA:15,3
DA:16,10
DA:17,10
DA:19,10
DA:21,10
LF:13
LH:13
BRDA:16,0,0,10
BRDA:16,0,1,0
BRF:2
BRH:1
end_of_record
TN:
SF:tests\factories\credentials-factory.ts
FN:5,createCredential
FNF:1
FNH:1
FNDA:6,createCredential
DA:1,3
DA:5,3
DA:6,6
LF:3
LH:3
BRF:0
BRH:0
end_of_record
TN:
SF:tests\factories\index.ts
FNF:0
FNH:0
DA:1,3
DA:2,3
DA:3,3
LF:3
LH:3
BRF:0
BRH:0
end_of_record
TN:
SF:tests\factories\sessions-factory.ts
FN:5,createSession
FNF:1
FNH:1
FNDA:10,createSession
DA:2,3
DA:3,3
DA:5,3
DA:6,10
DA:8,10
LF:5
LH:5
BRF:0
BRH:0
end_of_record
TN:
SF:tests\factories\users-factory.ts
FN:6,createUser
FNF:1
FNH:1
FNDA:29,createUser
DA:1,3
DA:2,3
DA:4,3
DA:6,3
DA:7,29
DA:8,29
DA:10,29
LF:7
LH:7
BRDA:6,0,0,24
BRDA:7,1,0,29
BRDA:7,1,1,24
BRDA:12,2,0,29
BRDA:12,2,1,24
BRF:5
BRH:5
end_of_record
